[2025-04-16 07:36:22,591] {taskinstance.py:896} INFO - Dependencies all met for <TaskInstance: sales_dwh_etl.create_dim_tables 2025-04-15T07:03:53.119928+00:00 [queued]>
[2025-04-16 07:36:22,611] {taskinstance.py:896} INFO - Dependencies all met for <TaskInstance: sales_dwh_etl.create_dim_tables 2025-04-15T07:03:53.119928+00:00 [queued]>
[2025-04-16 07:36:22,611] {taskinstance.py:1087} INFO - 
--------------------------------------------------------------------------------
[2025-04-16 07:36:22,611] {taskinstance.py:1088} INFO - Starting attempt 1 of 2
[2025-04-16 07:36:22,611] {taskinstance.py:1089} INFO - 
--------------------------------------------------------------------------------
[2025-04-16 07:36:22,631] {taskinstance.py:1107} INFO - Executing <Task(PostgresOperator): create_dim_tables> on 2025-04-15T07:03:53.119928+00:00
[2025-04-16 07:36:22,649] {standard_task_runner.py:52} INFO - Started process 192 to run task
[2025-04-16 07:36:22,653] {standard_task_runner.py:76} INFO - Running: ['***', 'tasks', 'run', 'sales_dwh_etl', 'create_dim_tables', '2025-04-15T07:03:53.119928+00:00', '--job-id', '4', '--pool', 'default_pool', '--raw', '--subdir', 'DAGS_FOLDER/sales_dwh_etl.py', '--cfg-path', '/tmp/tmpv9jshnm2', '--error-file', '/tmp/tmp5b_24kwk']
[2025-04-16 07:36:22,656] {standard_task_runner.py:77} INFO - Job 4: Subtask create_dim_tables
[2025-04-16 07:36:22,725] {logging_mixin.py:104} INFO - Running <TaskInstance: sales_dwh_etl.create_dim_tables 2025-04-15T07:03:53.119928+00:00 [running]> on host abb4dd3b2fe1
[2025-04-16 07:36:22,806] {taskinstance.py:1302} INFO - Exporting the following env vars:
AIRFLOW_CTX_DAG_OWNER=***
AIRFLOW_CTX_DAG_ID=sales_dwh_etl
AIRFLOW_CTX_TASK_ID=create_dim_tables
AIRFLOW_CTX_EXECUTION_DATE=2025-04-15T07:03:53.119928+00:00
AIRFLOW_CTX_DAG_RUN_ID=scheduled__2025-04-15T07:03:53.119928+00:00
[2025-04-16 07:36:22,807] {postgres.py:68} INFO - Executing: 
    -- Create dimension tables
    CREATE TABLE IF NOT EXISTS dwh.dim_date (
        date_id SERIAL PRIMARY KEY,
        date DATE NOT NULL,
        day INTEGER NOT NULL,
        month INTEGER NOT NULL,
        year INTEGER NOT NULL,
        quarter INTEGER NOT NULL,
        day_of_week INTEGER NOT NULL,
        day_name VARCHAR(10) NOT NULL,
        month_name VARCHAR(10) NOT NULL,
        is_weekend BOOLEAN NOT NULL
    );

    CREATE TABLE IF NOT EXISTS dwh.dim_customer (
        customer_key SERIAL PRIMARY KEY,
        customer_id INTEGER NOT NULL,
        customer_name VARCHAR(100) NOT NULL,
        email VARCHAR(100),
        city VARCHAR(50),
        state VARCHAR(50),
        country VARCHAR(50),
        postal_code VARCHAR(20),
        effective_date TIMESTAMP NOT NULL,
        expiry_date TIMESTAMP,
        is_current BOOLEAN DEFAULT TRUE
    );

    CREATE TABLE IF NOT EXISTS dwh.dim_product (
        product_key SERIAL PRIMARY KEY,
        product_id INTEGER NOT NULL,
        product_name VARCHAR(100) NOT NULL,
        category VARCHAR(50),
        subcategory VARCHAR(50),
        price DECIMAL(10, 2) NOT NULL,
        cost DECIMAL(10, 2),
        effective_date TIMESTAMP NOT NULL,
        expiry_date TIMESTAMP,
        is_current BOOLEAN DEFAULT TRUE
    );

    -- Create fact table
    CREATE TABLE IF NOT EXISTS dwh.fact_sales (
        sales_key SERIAL PRIMARY KEY,
        order_id INTEGER NOT NULL,
        order_item_id INTEGER NOT NULL,
        customer_key INTEGER REFERENCES dwh.dim_customer(customer_key),
        product_key INTEGER REFERENCES dwh.dim_product(product_key),
        date_key INTEGER REFERENCES dwh.dim_date(date_id),
        quantity INTEGER NOT NULL,
        unit_price DECIMAL(10, 2) NOT NULL,
        discount DECIMAL(5, 2) DEFAULT 0,
        sales_amount DECIMAL(10, 2) NOT NULL,
        cost_amount DECIMAL(10, 2),
        profit_amount DECIMAL(10, 2)
    );

    -- Create indexes
    CREATE INDEX IF NOT EXISTS idx_fact_sales_date ON dwh.fact_sales(date_key);
    CREATE INDEX IF NOT EXISTS idx_fact_sales_customer ON dwh.fact_sales(customer_key);
    CREATE INDEX IF NOT EXISTS idx_fact_sales_product ON dwh.fact_sales(product_key);
    
[2025-04-16 07:36:22,826] {taskinstance.py:1501} ERROR - Task failed with exception
Traceback (most recent call last):
  File "/home/airflow/.local/lib/python3.6/site-packages/airflow/models/taskinstance.py", line 1157, in _run_raw_task
    self._prepare_and_execute_task_with_callbacks(context, task)
  File "/home/airflow/.local/lib/python3.6/site-packages/airflow/models/taskinstance.py", line 1331, in _prepare_and_execute_task_with_callbacks
    result = self._execute_task(context, task_copy)
  File "/home/airflow/.local/lib/python3.6/site-packages/airflow/models/taskinstance.py", line 1361, in _execute_task
    result = task_copy.execute(context=context)
  File "/home/airflow/.local/lib/python3.6/site-packages/airflow/providers/postgres/operators/postgres.py", line 70, in execute
    self.hook.run(self.sql, self.autocommit, parameters=self.parameters)
  File "/home/airflow/.local/lib/python3.6/site-packages/airflow/hooks/dbapi.py", line 177, in run
    with closing(self.get_conn()) as conn:
  File "/home/airflow/.local/lib/python3.6/site-packages/airflow/providers/postgres/hooks/postgres.py", line 88, in get_conn
    conn = deepcopy(self.connection or self.get_connection(conn_id))
  File "/home/airflow/.local/lib/python3.6/site-packages/airflow/hooks/base.py", line 67, in get_connection
    conn = Connection.get_connection_from_secrets(conn_id)
  File "/home/airflow/.local/lib/python3.6/site-packages/airflow/models/connection.py", line 379, in get_connection_from_secrets
    raise AirflowNotFoundException(f"The conn_id `{conn_id}` isn't defined")
airflow.exceptions.AirflowNotFoundException: The conn_id `postgres_dwh` isn't defined
[2025-04-16 07:36:22,828] {taskinstance.py:1551} INFO - Marking task as UP_FOR_RETRY. dag_id=sales_dwh_etl, task_id=create_dim_tables, execution_date=20250415T070353, start_date=20250416T073622, end_date=20250416T073622
[2025-04-16 07:36:22,870] {local_task_job.py:149} INFO - Task exited with return code 1
